
ROM used: 6202 (19%)
          6202 (19%) including unused fragments

          1 Average locations per line
          9 Average locations per statement

RAM used: 270 (13%) at main() level
          402 (20%) worst case

Stack used: 15 worst case (out of 31 total available)

Lines Stmts  %   Files
----- ----- ---  -----
  155    37   5  RTOS_HID_TERMINAL.c
  392     0   0  ..\..\..\..\..\..\..\..\..\Program Files (x86)\PICC\devices\18f2550.h
  284    86  12  lib\flex_lcd_2.c
  222     0   0  ..\..\..\..\..\..\..\..\..\Program Files (x86)\PICC\drivers\pic18_usb.h
  328     0   0  ..\..\..\..\..\..\..\..\..\Program Files (x86)\PICC\drivers\usb_hw_layer.h
  361     0   0  lib\usb_desc_hid.h
 1063     0   0  ..\..\..\..\..\..\..\..\..\Program Files (x86)\PICC\drivers\usb.h
  808   246  36  ..\..\..\..\..\..\..\..\..\Program Files (x86)\PICC\drivers\usb.c
 1281   320  46  ..\..\..\..\..\..\..\..\..\Program Files (x86)\PICC\drivers\pic18_usb.c
----- -----
 4894   689 Total

Page ROM  %  RAM   Vol Diff  Functions:
---- --- --- ---   --- ----  ----------
0     40   0   1             @delay_ms1
0     30   0   0             @const65
0     70   1   1   328  2.7  lcd_send_nibble
0     50   0   1   362  2.3  lcd_read_nibble
0     36   0   3   165  3.3  lcd_read_byte
0     66   1   3   319  4.1  lcd_send_byte
0     96   1   2   411  4.5  lcd_init
0     42   0   4   246  6.0  lcd_gotoxy
0    118   1   1   531  5.2  lcd_putc
0     32   0   0             @const197
0     66   1   0             @const201
0     48   0   0             @const205
0     18   0   0             @const207
0     18   0   0             @const210
0     58   0   0             @const213
0     18   0   0             @const215
0     18   0   0             @const217
0     34   0   0             @const221
0     54   0   0             @const224
0     54   0   3   133  4.3  usb_kbhit
0     64   1   3   133  4.3  usb_tbe
0     36   0   1   134  2.5  usb_detach
0     34   0   0   136  2.2  usb_attach
0      6   0   0    16  1.0  usb_init_cs
0     36   0   1   346  4.6  usb_task
0     14   0   0    61  2.5  usb_init
0    212   2   7  1083  5.4  usb_flush_in
0    170   1  10   320  5.5  usb_put_packet
0    194   2   7   899  4.9  usb_flush_out
0    198   2  12   632  5.7  usb_get_packet_buffer
0     64   1   5   145  3.5  usb_get_packet
0     70   1   4   251  4.6  usb_stall_ep
0     68   1   4   258  4.6  usb_unstall_ep
0     86   1   5   360  5.8  usb_endpoint_stalled
0     22   0   1    88  2.7  usb_set_address
0    430   3  10  1722  9.8  usb_set_configured
0     76   1   3   192  3.2  usb_disable_endpoint
0     22   0   1    93  2.9  usb_disable_endpoints
0      4   0   0    39  2.0  usb_clear_trn
0    126   1   2   638  6.6  usb_isr
0      6   0   0    43  2.0  usb_isr_sof
0     42   0   0   357  4.2  usb_isr_rst
0     32   0   0   508  4.0  usb_init_ep0_setup
0      8   0   0    74  2.8  usb_isr_uerr
0     10   0   0    82  2.8  usb_isr_uidle
0     16   0   0   102  3.3  usb_isr_activity
0     14   0   0   151  3.9  usb_isr_stall
0      6   0   1    30  1.7  usb_request_send_response
0      6   0   0    22  1.2  usb_request_stall
0    332   3   5  2031  7.9  usb_isr_tok_dne
0      6   0   0    29  1.9  usb_enumerated
0    410   3  21  1082 12.1  usb_puts
0     84   1  14             @MUL3232
0    206   2  18   803 12.2  usb_gets
0     36   0   3   231  4.0  usb_token_reset
0     88   1   3   267  5.9  usb_endpoint_is_valid
0     24   0   1   152  3.0  usb_isr_tok_in_dne
0      6   0   1    48  1.9  usb_isr_tok_out_dne
0     52   0   0   336  5.5  usb_isr_tok_setup_dne
0    166   1   0  1454  8.3  usb_isr_tkn_setup_StandardDevice
0    160   1   3   993  7.8  usb_isr_tkn_setup_StandardInterface
0     96   1   0   753  5.8  usb_isr_tkn_setup_StandardEndpoint
0     16   0   0   105  3.8  usb_isr_tkn_setup_ClassInterface
0    264   2   1  1492  8.8  usb_Get_Descriptor
0     14   0   0    76  1.8  usb_finish_set_address
0    150   1   4   671  8.3  usb_copy_desc_seg_to_ep
0     34   0   0             @goto11167
0    170   1   0   598  4.2  checkear_terminal
0     14   0   0    59  1.9  @const420
0     32   0   2    17  0.8  @PSTRINGC_87
0     12   0   0    88  2.0  @const422
0     18   0   0   897  4.8  @const423
0     10   0   0             @const424
0     32   0   3             @PSTRINGCN_87
0     38   0   2             @PSTRINGR_87
0     16   0   0             @const428
0     40   0   0    59  1.9  hid_heart_beat
0     16   0   0    17  0.8  heart_beat
0     46   0   0    88  2.0  mandar_boton
0    370   3   0   202  2.1  MAIN
0     12   0   0             @const437
0     14   0   0             @const438
0     34   0   0             @const439

Program metrics:
    Functions               62
    Statements              689
    Comments                2251
    Volume (V)              46280
    Difficilty (D)          266.7
    Effort to implement (E) 12345125
    Time to implement (T)   190 hours, 31 minutes
    Est Delivered Bugs (B)  18
    Cyclomatic Complexity   144
    Maintainability (MI)    102

 Segment     Used  Free
-----------  ----  ----
00000-00002     4  0  
00004-00006     4  0  
00008-00094   142  0  
00096-07FFE  6052  26566  



